<?xml version="1.0" encoding="UTF-8"?>
<testng-results ignored="0" total="2" passed="2" failed="0" skipped="0">
  <reporter-output>
  </reporter-output>
  <suite started-at="2021-12-10T13:23:24Z" name="Suite" finished-at="2021-12-10T13:23:46Z" duration-ms="21942">
    <groups>
    </groups>
    <test started-at="2021-12-10T13:23:24Z" name="Test" finished-at="2021-12-10T13:23:46Z" duration-ms="21942">
      <class name="BayBoonDailyReport.EmailReport">
        <test-method signature="test1()[pri:0, instance:BayBoonDailyReport.EmailReport@4f704591]" started-at="2021-12-10T13:23:24Z" name="test1" finished-at="2021-12-10T13:23:41Z" duration-ms="17840" status="PASS">
          <reporter-output>
          </reporter-output>
        </test-method> <!-- test1 -->
        <test-method signature="test2()[pri:0, instance:BayBoonDailyReport.EmailReport@4f704591]" started-at="2021-12-10T13:23:41Z" name="test2" finished-at="2021-12-10T13:23:46Z" duration-ms="4089" status="PASS">
          <reporter-output>
          </reporter-output>
        </test-method> <!-- test2 -->
      </class> <!-- BayBoonDailyReport.EmailReport -->
    </test> <!-- Test -->
  </suite> <!-- Suite -->
</testng-results>
