<?xml version="1.0" encoding="UTF-8"?>
<testng-results ignored="0" total="2" passed="2" failed="0" skipped="0">
  <reporter-output>
  </reporter-output>
  <suite started-at="2021-12-10T11:45:51Z" name="Suite" finished-at="2021-12-10T11:46:06Z" duration-ms="15058">
    <groups>
    </groups>
    <test started-at="2021-12-10T11:45:51Z" name="Test" finished-at="2021-12-10T11:46:06Z" duration-ms="15058">
      <class name="TestMavenProject.BBEmailReport2">
        <test-method signature="test1()[pri:0, instance:TestMavenProject.BBEmailReport2@704deff2]" started-at="2021-12-10T11:45:51Z" name="test1" finished-at="2021-12-10T11:46:02Z" duration-ms="10585" status="PASS">
          <reporter-output>
          </reporter-output>
        </test-method> <!-- test1 -->
        <test-method signature="test2()[pri:0, instance:TestMavenProject.BBEmailReport2@704deff2]" started-at="2021-12-10T11:46:02Z" name="test2" finished-at="2021-12-10T11:46:06Z" duration-ms="4460" status="PASS">
          <reporter-output>
          </reporter-output>
        </test-method> <!-- test2 -->
      </class> <!-- TestMavenProject.BBEmailReport2 -->
    </test> <!-- Test -->
  </suite> <!-- Suite -->
</testng-results>
